====================================================================
                        69云自动签到日志                              
====================================================================
日期        时间      | 剩余流量    | 签到流量  | 签到结果
--------------------------------------------------------------------
2026-02-11 10:53:30 | 278.09GB | 0MB | ⚠️ 您似乎已经签到过了...
2026-02-12 18:25:24 | 279.09GB | 0.999GB | ✅ 尊贵的王者Lv7，您获得了 0.999GB 流量.
2026-02-13 17:59:14 | 281.18GB | 2.091GB | ✅ 尊贵的王者Lv7，您获得了 2.091GB 流量.
2026-02-14 15:41:33 | 282.32GB | 1.139GB | ✅ 尊贵的王者Lv7，您获得了 1.139GB 流量.
2026-02-15 15:32:30 | 282.89GB | 0.569GB | ✅ 尊贵的王者Lv7，您获得了 0.569GB 流量.
2026-02-15 19:44:26 | 282.89GB | 0MB | ⚠️ 您似乎已经签到过了...
2026-02-15 23:06:49 | 282.89GB | 0MB | ⚠️ 您似乎已经签到过了...
2026-02-19 22:58:58 | 287.22GB | 1.917GB | ✅ 尊贵的王者Lv7，您获得了 1.917GB 流量.
2026-02-20 18:17:41 | 289.23GB | 2.179GB | ✅ 尊贵的王者Lv7，您获得了 2.179GB 流量.
2026-02-20 19:45:52 | 289.22GB | 0MB | ⚠️ 您似乎已经签到过了...
2026-02-21 17:05:50 | 290.9GB | 0MB | ⚠️ 您似乎已经签到过了...
2026-02-22 19:28:13 | 292.09GB | 1.589GB | ✅ 尊贵的王者Lv7，您获得了 1.589GB 流量.
2026-02-27 19:01:34 | 292GB | 1.141GB | ✅ 尊贵的王者Lv7，您获得了 1.141GB 流量.
2026-02-27 20:25:20 | 292GB | 0MB | ⚠️ 您似乎已经签到过了...
2026-02-27 23:03:25 | 292GB | 0MB | ⚠️ 您似乎已经签到过了...
2026-03-02 19:50:39 | 295.69GB | 2.995GB | ✅ 尊贵的王者Lv7，您获得了 2.995GB 流量.
2026-03-03 19:01:25 | 297.95GB | 2.251GB | ✅ 尊贵的王者Lv7，您获得了 2.251GB 流量.
2026-03-04 17:31:13 | 297.78GB | 0.962GB | ✅ 尊贵的王者Lv7，您获得了 0.962GB 流量.
2026-03-06 13:44:32 | 298.93GB | 2.147GB | ✅ 尊贵的王者Lv7，您获得了 2.147GB 流量.
2026-03-06 21:29:22 | 298.53GB | 0MB | ⚠️ 您似乎已经签到过了...
2026-03-06 23:33:52 | 298.53GB | 0MB | ⚠️ 您似乎已经签到过了...
2026-03-07 16:48:18 | 299.48GB | 1.626GB | ✅ 尊贵的王者Lv7，您获得了 1.626GB 流量.
2026-03-07 21:25:38 | 299.47GB | 0MB | ⚠️ 您似乎已经签到过了...
2026-03-07 22:25:51 | 299.47GB | 0MB | ⚠️ 您似乎已经签到过了...
2026-03-08 13:48:53 | 298.49GB | 1.533GB | ✅ 尊贵的王者Lv7，您获得了 1.533GB 流量.
2026-03-11 23:35:54 | 299.96GB | 1.465GB | ✅ 尊贵的王者Lv7，您获得了 1.465GB 流量.
2026-03-14 14:59:21 | 301.93GB | 1.971GB | ✅ 尊贵的王者Lv7，您获得了 1.971GB 流量.
2026-03-16 19:14:05 | 303.57GB | 1.64GB | ✅ 尊贵的王者Lv7，您获得了 1.64GB 流量.
2026-03-17 14:14:01 | 305.02GB | 1.457GB | ✅ 尊贵的王者Lv7，您获得了 1.457GB 流量.
2026-03-17 22:05:35 | 305.02GB | 0MB | ⚠️ 您似乎已经签到过了...
2026-03-19 19:47:27 | 305.71GB | 0.869GB | ✅ 尊贵的王者Lv7，您获得了 0.869GB 流量.
2026-03-20 16:51:03 | 306.58GB | 1.089GB | ✅ 尊贵的王者Lv7，您获得了 1.089GB 流量.
2026-03-20 23:15:42 | 306.58GB | 0MB | ⚠️ 您似乎已经签到过了...
2026-03-21 18:30:40 | 307.51GB | 0.921GB | ✅ 尊贵的王者Lv7，您获得了 0.921GB 流量.
2026-03-21 21:05:47 | 307.51GB | 0MB | ⚠️ 您似乎已经签到过了...
2026-03-22 15:46:35 | 308.42GB | 0.912GB | ✅ 尊贵的王者Lv7，您获得了 0.912GB 流量.
2026-03-23 14:09:19 | 309.83GB | 1.414GB | ✅ 尊贵的王者Lv7，您获得了 1.414GB 流量.
2026-03-25 13:24:55 | 346.05GB | 2.459GB | ✅ 尊贵的王者Lv7，您获得了 2.459GB 流量.
2026-03-25 21:28:18 | 346.05GB | 0MB | ⚠️ 您似乎已经签到过了...
2026-03-26 19:14:33 | 348.57GB | 2.512GB | ✅ 尊贵的王者Lv7，您获得了 2.512GB 流量.
2026-03-27 17:48:12 | 350.63GB | 2.063GB | ✅ 尊贵的王者Lv7，您获得了 2.063GB 流量.
2026-03-27 18:04:27 | 350.63GB | 0MB | ⚠️ 您似乎已经签到过了...
2026-04-02 21:46:38 | 354.62GB | 2.35GB | ✅ 尊贵的王者Lv7，您获得了 2.35GB 流量.
2026-04-03 17:08:54 | 355.19GB | 0.564GB | ✅ 尊贵的王者Lv7，您获得了 0.564GB 流量.
2026-04-06 17:13:04 | 357.13GB | 1.946GB | ✅ 尊贵的王者Lv7，您获得了 1.946GB 流量.
2026-04-11 19:44:10 | 359.87GB | 2.737GB | ✅ 尊贵的王者Lv7，您获得了 2.737GB 流量.
2026-04-11 21:55:54 | 359.87GB | 0MB | ⚠️ 您似乎已经签到过了...
2026-04-12 16:57:47 | 362.11GB | 2.237GB | ✅ 尊贵的王者Lv7，您获得了 2.237GB 流量.
2026-04-17 20:13:30 | 364.46GB | 2.414GB | ✅ 尊贵的王者Lv7，您获得了 2.414GB 流量.
2026-04-17 22:04:10 | 364.46GB | 0MB | ⚠️ 您似乎已经签到过了...
2026-04-19 18:05:28 | 365.91GB | 1.447GB | ✅ 尊贵的王者Lv7，您获得了 1.447GB 流量.
2026-04-20 20:09:32 | 367.33GB | 1.425GB | ✅ 尊贵的王者Lv7，您获得了 1.425GB 流量.
2026-04-21 14:31:16 | 367.81GB | 0.491GB | ✅ 尊贵的王者Lv7，您获得了 0.491GB 流量.
2026-04-21 17:51:28 | 367.52GB | 0MB | ⚠️ 您似乎已经签到过了...
2026-04-24 22:04:04 | 368.96GB | 1.635GB | ✅ 尊贵的王者Lv7，您获得了 1.635GB 流量.
2026-04-27 17:22:56 | 410.69GB | 1.987GB | ✅ 尊贵的王者Lv7，您获得了 1.987GB 流量.
2026-05-02 18:14:22 | 412.33GB | 1.664GB | ✅ 尊贵的王者Lv7，您获得了 1.664GB 流量.
2026-05-02 19:54:04 | 412.33GB | 0MB | ⚠️ 您似乎已经签到过了...
2026-05-03 23:49:06 | 413.52GB | 0MB | ⚠️ 您似乎已经签到过了...
